Using pre-set license
Built from '2020.3/staging' branch; Version is '2020.3.17f1 (a4537701e4ab) revision 10769271'; Using compiler version '192528614'; Build Type 'Release'
OS: 'Windows 10 Pro; OS build 19042.1415; Version 2009; 64bit' Language: 'en' Physical Memory: 65353 MB
BatchMode: 1, IsHumanControllingUs: 0, StartBugReporterOnCrash: 0, Is64bit: 1, IsPro: 0

COMMAND LINE ARGUMENTS:
C:\Program Files\Unity\Hub\Editor\2020.3.17f1\Editor\Unity.exe
-adb2
-batchMode
-noUpm
-name
AssetImportWorker0
-projectPath
D:/UnityTwo/CoinRushPrototype--AttackScene
-logFile
Logs/AssetImportWorker0.log
-srvPort
63259
Successfully changed project path to: D:/UnityTwo/CoinRushPrototype--AttackScene
D:/UnityTwo/CoinRushPrototype--AttackScene
Using Asset Import Pipeline V2.
Refreshing native plugins compatible for Editor in 57.08 ms, found 6 plugins.
Preloading 0 native plugins for Editor in 0.00 ms.
Initialize engine version: 2020.3.17f1 (a4537701e4ab)
[Subsystems] Discovering subsystems at path C:/Program Files/Unity/Hub/Editor/2020.3.17f1/Editor/Data/Resources/UnitySubsystems
[Subsystems] Discovering subsystems at path D:/UnityTwo/CoinRushPrototype--AttackScene/Assets
GfxDevice: creating device client; threaded=0
Direct3D:
    Version:  Direct3D 11.0 [level 11.1]
    Renderer: NVIDIA GeForce GTX 1050 Ti (ID=0x1c82)
    Vendor:   
    VRAM:     4018 MB
    Driver:   27.21.14.5671
Initialize mono
Mono path[0] = 'C:/Program Files/Unity/Hub/Editor/2020.3.17f1/Editor/Data/Managed'
Mono path[1] = 'C:/Program Files/Unity/Hub/Editor/2020.3.17f1/Editor/Data/MonoBleedingEdge/lib/mono/unityjit'
Mono config path = 'C:/Program Files/Unity/Hub/Editor/2020.3.17f1/Editor/Data/MonoBleedingEdge/etc'
Using monoOptions --debugger-agent=transport=dt_socket,embedding=1,server=y,suspend=n,address=127.0.0.1:56064
Begin MonoManager ReloadAssembly
Registering precompiled unity dll's ...
Register platform support module: C:/Program Files/Unity/Hub/Editor/2020.3.17f1/Editor/Data/PlaybackEngines/WindowsStandaloneSupport/UnityEditor.WindowsStandalone.Extensions.dll
Registered in 0.000927 seconds.
Native extension for WindowsStandalone target not found
Refreshing native plugins compatible for Editor in 49.57 ms, found 6 plugins.
Preloading 0 native plugins for Editor in 0.00 ms.
Mono: successfully reloaded assembly
- Completed reload, in  1.319 seconds
Domain Reload Profiling:
	ReloadAssembly (1319ms)
		BeginReloadAssembly (47ms)
			ExecutionOrderSort (0ms)
			DisableScriptedObjects (0ms)
			BackupInstance (0ms)
			ReleaseScriptingObjects (0ms)
			CreateAndSetChildDomain (1ms)
		EndReloadAssembly (327ms)
			LoadAssemblies (45ms)
			RebuildTransferFunctionScriptingTraits (0ms)
			SetupTypeCache (111ms)
			ReleaseScriptCaches (0ms)
			RebuildScriptCaches (24ms)
			SetupLoadedEditorAssemblies (142ms)
				LogAssemblyErrors (0ms)
				InitializePlatformSupportModulesInManaged (3ms)
				SetLoadedEditorAssemblies (0ms)
				RefreshPlugins (50ms)
				BeforeProcessingInitializeOnLoad (12ms)
				ProcessInitializeOnLoadAttributes (56ms)
				ProcessInitializeOnLoadMethodAttributes (21ms)
				AfterProcessingInitializeOnLoad (0ms)
				EditorAssembliesLoaded (0ms)
			ExecutionOrderSort2 (0ms)
			AwakeInstancesAfterBackupRestoration (0ms)
Platform modules already initialized, skipping
Registering precompiled user dll's ...
Registered in 0.002900 seconds.
Begin MonoManager ReloadAssembly
Native extension for WindowsStandalone target not found
Refreshing native plugins compatible for Editor in 50.61 ms, found 6 plugins.
Preloading 0 native plugins for Editor in 0.00 ms.
Mono: successfully reloaded assembly
- Completed reload, in  0.922 seconds
Domain Reload Profiling:
	ReloadAssembly (923ms)
		BeginReloadAssembly (108ms)
			ExecutionOrderSort (0ms)
			DisableScriptedObjects (4ms)
			BackupInstance (0ms)
			ReleaseScriptingObjects (0ms)
			CreateAndSetChildDomain (14ms)
		EndReloadAssembly (772ms)
			LoadAssemblies (66ms)
			RebuildTransferFunctionScriptingTraits (0ms)
			SetupTypeCache (244ms)
			ReleaseScriptCaches (1ms)
			RebuildScriptCaches (40ms)
			SetupLoadedEditorAssemblies (331ms)
				LogAssemblyErrors (0ms)
				InitializePlatformSupportModulesInManaged (3ms)
				SetLoadedEditorAssemblies (0ms)
				RefreshPlugins (51ms)
				BeforeProcessingInitializeOnLoad (69ms)
				ProcessInitializeOnLoadAttributes (202ms)
				ProcessInitializeOnLoadMethodAttributes (3ms)
				AfterProcessingInitializeOnLoad (2ms)
				EditorAssembliesLoaded (0ms)
			ExecutionOrderSort2 (0ms)
			AwakeInstancesAfterBackupRestoration (5ms)
Platform modules already initialized, skipping
========================================================================
Worker process is ready to serve import requests
Launched and connected shader compiler UnityShaderCompiler.exe after 0.02 seconds
Refreshing native plugins compatible for Editor in 0.68 ms, found 6 plugins.
Preloading 0 native plugins for Editor in 0.00 ms.
Unloading 3173 Unused Serialized files (Serialized files now loaded: 0)
System memory in use before: 141.5 MB.
System memory in use after: 141.7 MB.

Unloading 31 unused Assets to reduce memory usage. Loaded Objects now: 3602.
Total: 4.245200 ms (FindLiveObjects: 0.536300 ms CreateObjectMapping: 0.283900 ms MarkObjects: 3.358600 ms  DeleteObjects: 0.065800 ms)

AssetImportParameters requested are different than current active one (requested -> active):
  custom:framework-win-MediaFoundation: 216162199b28c13a410421893ffa2e32 -> 
  custom:video-decoder-ogg-theora: a1e56fd34408186e4bbccfd4996cb3dc -> 
  custom:container-muxer-webm: aa71ff27fc2769a1b78a27578f13a17b -> 
  custom:container-demuxer-webm: 4f35f7cbe854078d1ac9338744f61a02 -> 
  custom:container-demuxer-ogg: 62fdf1f143b41e24485cea50d1cbac27 -> 
  custom:video-encoder-webm-vp8: eb34c28f22e8b96e1ab97ce403110664 -> 
  custom:video-decoder-webm-vp8: 9c59270c3fd7afecdb556c50c9e8de78 -> 
  custom:audio-decoder-ogg-vorbis: bf7c407c2cedff20999df2af8eb42d56 -> 
  custom:audio-encoder-webm-vorbis: bf7c407c2cedff20999df2af8eb42d56 -> 
========================================================================
Received Import Request.
  path: Assets/Scenes/Levels/ATTACK.unity
  artifactKey: Guid(fb3af04070a989e4c88ede169962b3d0) Importer(815301076,1909f56bfc062723c751e8b465ee728b)
Start importing Assets/Scenes/Levels/ATTACK.unity using Guid(fb3af04070a989e4c88ede169962b3d0) Importer(815301076,1909f56bfc062723c751e8b465ee728b)  -> (artifact id: 'f7382e2ca46134edc8ed21bf07244217') in 0.016516 seconds 
  Import took 0.024032 seconds .

========================================================================
Received Prepare
Refreshing native plugins compatible for Editor in 3.93 ms, found 6 plugins.
Preloading 0 native plugins for Editor in 0.00 ms.
Unloading 24 Unused Serialized files (Serialized files now loaded: 0)
System memory in use before: 72.7 MB.
System memory in use after: 72.9 MB.

Unloading 24 unused Assets to reduce memory usage. Loaded Objects now: 3602.
Total: 2.909000 ms (FindLiveObjects: 0.276600 ms CreateObjectMapping: 0.143600 ms MarkObjects: 2.475700 ms  DeleteObjects: 0.012600 ms)

AssetImportParameters requested are different than current active one (requested -> active):
  custom:framework-win-MediaFoundation: 216162199b28c13a410421893ffa2e32 -> 
  custom:video-decoder-ogg-theora: a1e56fd34408186e4bbccfd4996cb3dc -> 
  custom:container-muxer-webm: aa71ff27fc2769a1b78a27578f13a17b -> 
  custom:container-demuxer-webm: 4f35f7cbe854078d1ac9338744f61a02 -> 
  custom:container-demuxer-ogg: 62fdf1f143b41e24485cea50d1cbac27 -> 
  custom:video-encoder-webm-vp8: eb34c28f22e8b96e1ab97ce403110664 -> 
  custom:video-decoder-webm-vp8: 9c59270c3fd7afecdb556c50c9e8de78 -> 
  custom:audio-decoder-ogg-vorbis: bf7c407c2cedff20999df2af8eb42d56 -> 
  custom:audio-encoder-webm-vorbis: bf7c407c2cedff20999df2af8eb42d56 -> 
========================================================================
Received Import Request.
  Time since last request: 339.016137 seconds.
  path: Assets/Media/Sprites/UI/FortuneWheel/Background.jpeg
  artifactKey: Guid(29d0c4d1cd2968744940251a85f1036a) Importer(815301076,1909f56bfc062723c751e8b465ee728b)
Start importing Assets/Media/Sprites/UI/FortuneWheel/Background.jpeg using Guid(29d0c4d1cd2968744940251a85f1036a) Importer(815301076,1909f56bfc062723c751e8b465ee728b)  -> (artifact id: '52606d278552edd4f7a0204f8a37bb83') in 0.113586 seconds 
  Import took 0.118564 seconds .

========================================================================
Received Import Request.
  Time since last request: 0.000163 seconds.
  path: Assets/Media/Sprites/UI/SlotMachine/Bg back.jpg
  artifactKey: Guid(67d98d16670d5ac4093400622c1f9408) Importer(815301076,1909f56bfc062723c751e8b465ee728b)
Start importing Assets/Media/Sprites/UI/SlotMachine/Bg back.jpg using Guid(67d98d16670d5ac4093400622c1f9408) Importer(815301076,1909f56bfc062723c751e8b465ee728b)  -> (artifact id: 'c761a2ae4d86186102e10bd709ff3117') in 0.047572 seconds 
  Import took 0.051507 seconds .

========================================================================
Received Import Request.
  Time since last request: 802.791358 seconds.
  path: Assets/Scenes/Levels/Level1.unity
  artifactKey: Guid(5d43ed2deecb78546814bf5bd5514e2a) Importer(815301076,1909f56bfc062723c751e8b465ee728b)
Start importing Assets/Scenes/Levels/Level1.unity using Guid(5d43ed2deecb78546814bf5bd5514e2a) Importer(815301076,1909f56bfc062723c751e8b465ee728b)  -> (artifact id: '644e769e5fe5232f21efe11c0257a497') in 0.005443 seconds 
  Import took 0.010850 seconds .

========================================================================
Received Prepare
Registering precompiled user dll's ...
Registered in 0.002884 seconds.
Begin MonoManager ReloadAssembly
Native extension for WindowsStandalone target not found
Refreshing native plugins compatible for Editor in 0.68 ms, found 6 plugins.
Preloading 0 native plugins for Editor in 0.00 ms.
Mono: successfully reloaded assembly
- Completed reload, in  0.857 seconds
Domain Reload Profiling:
	ReloadAssembly (858ms)
		BeginReloadAssembly (95ms)
			ExecutionOrderSort (0ms)
			DisableScriptedObjects (4ms)
			BackupInstance (0ms)
			ReleaseScriptingObjects (0ms)
			CreateAndSetChildDomain (33ms)
		EndReloadAssembly (719ms)
			LoadAssemblies (70ms)
			RebuildTransferFunctionScriptingTraits (0ms)
			SetupTypeCache (252ms)
			ReleaseScriptCaches (1ms)
			RebuildScriptCaches (34ms)
			SetupLoadedEditorAssemblies (275ms)
				LogAssemblyErrors (0ms)
				InitializePlatformSupportModulesInManaged (3ms)
				SetLoadedEditorAssemblies (0ms)
				RefreshPlugins (1ms)
				BeforeProcessingInitializeOnLoad (65ms)
				ProcessInitializeOnLoadAttributes (200ms)
				ProcessInitializeOnLoadMethodAttributes (3ms)
				AfterProcessingInitializeOnLoad (2ms)
				EditorAssembliesLoaded (0ms)
			ExecutionOrderSort2 (0ms)
			AwakeInstancesAfterBackupRestoration (7ms)
Platform modules already initialized, skipping
Switching build target platform(19) subTarget(0) extendedPlatform(0) -> platform(13) subTarget(537395200) extendedPlatform(0)
Refreshing native plugins compatible for Editor in 0.67 ms, found 6 plugins.
Preloading 0 native plugins for Editor in 0.00 ms.
Unloading 3047 Unused Serialized files (Serialized files now loaded: 0)
System memory in use before: 134.6 MB.
System memory in use after: 134.9 MB.

Unloading 26 unused Assets to reduce memory usage. Loaded Objects now: 3610.
Total: 3.039200 ms (FindLiveObjects: 0.300700 ms CreateObjectMapping: 0.130800 ms MarkObjects: 2.592300 ms  DeleteObjects: 0.014900 ms)

AssetImportParameters requested are different than current active one (requested -> active):
  custom:framework-win-MediaFoundation: 216162199b28c13a410421893ffa2e32 -> 
  custom:video-decoder-ogg-theora: a1e56fd34408186e4bbccfd4996cb3dc -> 
  custom:container-muxer-webm: aa71ff27fc2769a1b78a27578f13a17b -> 
  custom:container-demuxer-webm: 4f35f7cbe854078d1ac9338744f61a02 -> 
  custom:container-demuxer-ogg: 62fdf1f143b41e24485cea50d1cbac27 -> 
  custom:video-encoder-webm-vp8: eb34c28f22e8b96e1ab97ce403110664 -> 
  custom:video-decoder-webm-vp8: 9c59270c3fd7afecdb556c50c9e8de78 -> 
  custom:graphics/normal-map-encoding: 01000000000000000000000000000000 -> 02000000000000000000000000000000
  custom:audio-decoder-ogg-vorbis: bf7c407c2cedff20999df2af8eb42d56 -> 
  custom:audio-encoder-webm-vorbis: bf7c407c2cedff20999df2af8eb42d56 -> 
========================================================================
Received Import Request.
  Time since last request: 1235.849170 seconds.
  path: Assets/Scenes/Levels/AttackSceneAssets/Prefabs/Other Prefabs/TargetButton.prefab
  artifactKey: Guid(c3cd7c80a6940d049877f335638f2b95) Importer(815301076,1909f56bfc062723c751e8b465ee728b)
Start importing Assets/Scenes/Levels/AttackSceneAssets/Prefabs/Other Prefabs/TargetButton.prefab using Guid(c3cd7c80a6940d049877f335638f2b95) Importer(815301076,1909f56bfc062723c751e8b465ee728b)  -> (artifact id: 'a0b39758b7e0c22921704cb305423058') in 0.046608 seconds 
  Import took 0.052117 seconds .

========================================================================
Received Import Request.
  Time since last request: 10.204902 seconds.
  path: Assets/Scenes/Levels/AttackSceneAssets/Prefabs/Other Prefabs/TargetButton.prefab
  artifactKey: Guid(c3cd7c80a6940d049877f335638f2b95) Importer(815301076,1909f56bfc062723c751e8b465ee728b)
Start importing Assets/Scenes/Levels/AttackSceneAssets/Prefabs/Other Prefabs/TargetButton.prefab using Guid(c3cd7c80a6940d049877f335638f2b95) Importer(815301076,1909f56bfc062723c751e8b465ee728b)  -> (artifact id: '5f5590d79902f91edc255c0e276587d6') in 0.004374 seconds 
  Import took 0.009287 seconds .

========================================================================
Received Import Request.
  Time since last request: 9.688416 seconds.
  path: Assets/Scenes/Levels/AttackSceneAssets/Prefabs/Other Prefabs/TargetButton.prefab
  artifactKey: Guid(c3cd7c80a6940d049877f335638f2b95) Importer(815301076,1909f56bfc062723c751e8b465ee728b)
Start importing Assets/Scenes/Levels/AttackSceneAssets/Prefabs/Other Prefabs/TargetButton.prefab using Guid(c3cd7c80a6940d049877f335638f2b95) Importer(815301076,1909f56bfc062723c751e8b465ee728b)  -> (artifact id: 'da4e9cd754f99e250dcec060af5eb3a2') in 0.004196 seconds 
  Import took 0.009621 seconds .

========================================================================
Received Import Request.
  Time since last request: 4.331960 seconds.
  path: Assets/Scenes/Levels/AttackSceneAssets/Prefabs/Other Prefabs/TargetButton.prefab
  artifactKey: Guid(c3cd7c80a6940d049877f335638f2b95) Importer(815301076,1909f56bfc062723c751e8b465ee728b)
Start importing Assets/Scenes/Levels/AttackSceneAssets/Prefabs/Other Prefabs/TargetButton.prefab using Guid(c3cd7c80a6940d049877f335638f2b95) Importer(815301076,1909f56bfc062723c751e8b465ee728b)  -> (artifact id: '684649c2fbd9e1f774292db9d9828832') in 0.003791 seconds 
  Import took 0.008398 seconds .

========================================================================
Received Import Request.
  Time since last request: 10.805315 seconds.
  path: Assets/Scenes/Levels/AttackSceneAssets/Prefabs/Other Prefabs/TargetButton.prefab
  artifactKey: Guid(c3cd7c80a6940d049877f335638f2b95) Importer(815301076,1909f56bfc062723c751e8b465ee728b)
Start importing Assets/Scenes/Levels/AttackSceneAssets/Prefabs/Other Prefabs/TargetButton.prefab using Guid(c3cd7c80a6940d049877f335638f2b95) Importer(815301076,1909f56bfc062723c751e8b465ee728b)  -> (artifact id: 'be09672d6449e58fad9628444fb5c3e4') in 0.003846 seconds 
  Import took 0.008849 seconds .

========================================================================
Received Import Request.
  Time since last request: 9.263615 seconds.
  path: Assets/Scenes/Levels/AttackSceneAssets/Prefabs/Other Prefabs/TargetButton.prefab
  artifactKey: Guid(c3cd7c80a6940d049877f335638f2b95) Importer(815301076,1909f56bfc062723c751e8b465ee728b)
Start importing Assets/Scenes/Levels/AttackSceneAssets/Prefabs/Other Prefabs/TargetButton.prefab using Guid(c3cd7c80a6940d049877f335638f2b95) Importer(815301076,1909f56bfc062723c751e8b465ee728b)  -> (artifact id: '1fa695971c6f0558baac9bfcc95063ca') in 0.003932 seconds 
  Import took 0.008303 seconds .

========================================================================
Received Import Request.
  Time since last request: 10.513975 seconds.
  path: Assets/Scenes/Levels/AttackSceneAssets/Prefabs/Other Prefabs/TargetButton.prefab
  artifactKey: Guid(c3cd7c80a6940d049877f335638f2b95) Importer(815301076,1909f56bfc062723c751e8b465ee728b)
Start importing Assets/Scenes/Levels/AttackSceneAssets/Prefabs/Other Prefabs/TargetButton.prefab using Guid(c3cd7c80a6940d049877f335638f2b95) Importer(815301076,1909f56bfc062723c751e8b465ee728b)  -> (artifact id: '8fa58170bbc67b38a8f7aaacf18c47f4') in 0.005394 seconds 
  Import took 0.009975 seconds .

========================================================================
Received Import Request.
  Time since last request: 2.411707 seconds.
  path: Assets/Scenes/Levels/AttackSceneAssets/Prefabs/Other Prefabs/TargetButton.prefab
  artifactKey: Guid(c3cd7c80a6940d049877f335638f2b95) Importer(815301076,1909f56bfc062723c751e8b465ee728b)
Start importing Assets/Scenes/Levels/AttackSceneAssets/Prefabs/Other Prefabs/TargetButton.prefab using Guid(c3cd7c80a6940d049877f335638f2b95) Importer(815301076,1909f56bfc062723c751e8b465ee728b)  -> (artifact id: 'cdfd826ef260ee04410726682ddef70b') in 0.004016 seconds 
  Import took 0.008691 seconds .

========================================================================
Received Import Request.
  Time since last request: 10.465176 seconds.
  path: Assets/Scenes/Levels/AttackSceneAssets/Prefabs/Other Prefabs/TargetButton.prefab
  artifactKey: Guid(c3cd7c80a6940d049877f335638f2b95) Importer(815301076,1909f56bfc062723c751e8b465ee728b)
Start importing Assets/Scenes/Levels/AttackSceneAssets/Prefabs/Other Prefabs/TargetButton.prefab using Guid(c3cd7c80a6940d049877f335638f2b95) Importer(815301076,1909f56bfc062723c751e8b465ee728b)  -> (artifact id: '77d4d561562360f55b47e8de61286a3c') in 0.003705 seconds 
  Import took 0.008072 seconds .

========================================================================
Received Import Request.
  Time since last request: 9.871796 seconds.
  path: Assets/Scenes/Levels/AttackSceneAssets/Prefabs/Other Prefabs/TargetButton.prefab
  artifactKey: Guid(c3cd7c80a6940d049877f335638f2b95) Importer(815301076,1909f56bfc062723c751e8b465ee728b)
Start importing Assets/Scenes/Levels/AttackSceneAssets/Prefabs/Other Prefabs/TargetButton.prefab using Guid(c3cd7c80a6940d049877f335638f2b95) Importer(815301076,1909f56bfc062723c751e8b465ee728b)  -> (artifact id: 'a3eb07884000b5b35db83c6cf9c32776') in 0.004206 seconds 
  Import took 0.009168 seconds .

========================================================================
Received Import Request.
  Time since last request: 27.402439 seconds.
  path: Assets/Media/Sprites/UI/SlotMachine/Bg 2.jpg
  artifactKey: Guid(058707738c019b641825b22918aed830) Importer(815301076,1909f56bfc062723c751e8b465ee728b)
Start importing Assets/Media/Sprites/UI/SlotMachine/Bg 2.jpg using Guid(058707738c019b641825b22918aed830) Importer(815301076,1909f56bfc062723c751e8b465ee728b)  -> (artifact id: 'e80140fde1e46b4e54945a5588cdad15') in 0.091607 seconds 
  Import took 0.096618 seconds .

========================================================================
Received Import Request.
  Time since last request: 0.000213 seconds.
  path: Assets/Media/Sprites/Row.png
  artifactKey: Guid(0d260ba06dbd5624d8c624335131e2bb) Importer(815301076,1909f56bfc062723c751e8b465ee728b)
Start importing Assets/Media/Sprites/Row.png using Guid(0d260ba06dbd5624d8c624335131e2bb) Importer(815301076,1909f56bfc062723c751e8b465ee728b)  -> (artifact id: 'b276f23a8c1528542bc7af6b3e0cdba0') in 0.048890 seconds 
  Import took 0.052760 seconds .

========================================================================
Received Import Request.
  Time since last request: 5.493633 seconds.
  path: Assets/Scenes/Levels/AttackSceneAssets/Prefabs/Other Prefabs/TargetButton.prefab
  artifactKey: Guid(c3cd7c80a6940d049877f335638f2b95) Importer(815301076,1909f56bfc062723c751e8b465ee728b)
Start importing Assets/Scenes/Levels/AttackSceneAssets/Prefabs/Other Prefabs/TargetButton.prefab using Guid(c3cd7c80a6940d049877f335638f2b95) Importer(815301076,1909f56bfc062723c751e8b465ee728b)  -> (artifact id: '24254640fe888076ae697bcbddf2b8ed') in 0.003704 seconds 
  Import took 0.008483 seconds .

========================================================================
Received Import Request.
  Time since last request: 2.606172 seconds.
  path: Assets/Scenes/Levels/AttackSceneAssets/Prefabs/Other Prefabs/TargetButton.prefab
  artifactKey: Guid(c3cd7c80a6940d049877f335638f2b95) Importer(815301076,1909f56bfc062723c751e8b465ee728b)
Start importing Assets/Scenes/Levels/AttackSceneAssets/Prefabs/Other Prefabs/TargetButton.prefab using Guid(c3cd7c80a6940d049877f335638f2b95) Importer(815301076,1909f56bfc062723c751e8b465ee728b)  -> (artifact id: 'd8751d607a92348717f502d0f30517eb') in 0.003827 seconds 
  Import took 0.008577 seconds .

========================================================================
Received Import Request.
  Time since last request: 1.855535 seconds.
  path: Assets/Scenes/Levels/AttackSceneAssets/Prefabs/Other Prefabs/TargetButton.prefab
  artifactKey: Guid(c3cd7c80a6940d049877f335638f2b95) Importer(815301076,1909f56bfc062723c751e8b465ee728b)
Start importing Assets/Scenes/Levels/AttackSceneAssets/Prefabs/Other Prefabs/TargetButton.prefab using Guid(c3cd7c80a6940d049877f335638f2b95) Importer(815301076,1909f56bfc062723c751e8b465ee728b)  -> (artifact id: '42c2c6e9a166338ea09dc0c9c24f785e') in 0.003754 seconds 
  Import took 0.008407 seconds .

========================================================================
Received Import Request.
  Time since last request: 93.416810 seconds.
  path: Assets/Scenes/Levels/AttackSceneAssets/Prefabs/Other Prefabs/TargetButton.prefab
  artifactKey: Guid(c3cd7c80a6940d049877f335638f2b95) Importer(815301076,1909f56bfc062723c751e8b465ee728b)
Start importing Assets/Scenes/Levels/AttackSceneAssets/Prefabs/Other Prefabs/TargetButton.prefab using Guid(c3cd7c80a6940d049877f335638f2b95) Importer(815301076,1909f56bfc062723c751e8b465ee728b)  -> (artifact id: 'c7350cff4f4a10d98ac30b721e436b82') in 0.004352 seconds 
  Import took 0.008919 seconds .

========================================================================
Received Import Request.
  Time since last request: 6.313965 seconds.
  path: Assets/Scenes/Levels/AttackSceneAssets/Prefabs/Other Prefabs/TargetButton.prefab
  artifactKey: Guid(c3cd7c80a6940d049877f335638f2b95) Importer(815301076,1909f56bfc062723c751e8b465ee728b)
Start importing Assets/Scenes/Levels/AttackSceneAssets/Prefabs/Other Prefabs/TargetButton.prefab using Guid(c3cd7c80a6940d049877f335638f2b95) Importer(815301076,1909f56bfc062723c751e8b465ee728b)  -> (artifact id: 'c5ba287a0d9e5da0cedb3c679dee1da9') in 0.003618 seconds 
  Import took 0.008120 seconds .

========================================================================
Received Import Request.
  Time since last request: 7.674713 seconds.
  path: Assets/Scenes/Levels/AttackSceneAssets/Prefabs/Other Prefabs/TargetButton.prefab
  artifactKey: Guid(c3cd7c80a6940d049877f335638f2b95) Importer(815301076,1909f56bfc062723c751e8b465ee728b)
Start importing Assets/Scenes/Levels/AttackSceneAssets/Prefabs/Other Prefabs/TargetButton.prefab using Guid(c3cd7c80a6940d049877f335638f2b95) Importer(815301076,1909f56bfc062723c751e8b465ee728b)  -> (artifact id: '3618d0920874aed6e1826fd59e92c930') in 0.131030 seconds 
  Import took 0.135660 seconds .

========================================================================
Received Import Request.
  Time since last request: 18.593940 seconds.
  path: Assets/Scenes/Levels/AttackSceneAssets/Prefabs/Other Prefabs/TargetButton.prefab
  artifactKey: Guid(c3cd7c80a6940d049877f335638f2b95) Importer(815301076,1909f56bfc062723c751e8b465ee728b)
Start importing Assets/Scenes/Levels/AttackSceneAssets/Prefabs/Other Prefabs/TargetButton.prefab using Guid(c3cd7c80a6940d049877f335638f2b95) Importer(815301076,1909f56bfc062723c751e8b465ee728b)  -> (artifact id: 'e41663e94b30a44ae209979729f7b9aa') in 0.018156 seconds 
  Import took 0.022512 seconds .

========================================================================
Received Import Request.
  Time since last request: 8.427056 seconds.
  path: Assets/Scenes/Levels/AttackSceneAssets/Prefabs/Other Prefabs/TargetButton.prefab
  artifactKey: Guid(c3cd7c80a6940d049877f335638f2b95) Importer(815301076,1909f56bfc062723c751e8b465ee728b)
Start importing Assets/Scenes/Levels/AttackSceneAssets/Prefabs/Other Prefabs/TargetButton.prefab using Guid(c3cd7c80a6940d049877f335638f2b95) Importer(815301076,1909f56bfc062723c751e8b465ee728b)  -> (artifact id: '7294c57839fd0e2c41f6654a9b555242') in 0.017272 seconds 
  Import took 0.021767 seconds .

========================================================================
Received Import Request.
  Time since last request: 0.381809 seconds.
  path: Assets/Scenes/Levels/AttackSceneAssets/Prefabs/Other Prefabs/TargetButton.prefab
  artifactKey: Guid(c3cd7c80a6940d049877f335638f2b95) Importer(815301076,1909f56bfc062723c751e8b465ee728b)
Start importing Assets/Scenes/Levels/AttackSceneAssets/Prefabs/Other Prefabs/TargetButton.prefab using Guid(c3cd7c80a6940d049877f335638f2b95) Importer(815301076,1909f56bfc062723c751e8b465ee728b)  -> (artifact id: 'b923647a49b685eb6cb6b6cb4e3f9d71') in 0.018659 seconds 
  Import took 0.023099 seconds .

========================================================================
Received Import Request.
  Time since last request: 3.816176 seconds.
  path: Assets/Scenes/Levels/AttackSceneAssets/Prefabs/Other Prefabs/TargetButton.prefab
  artifactKey: Guid(c3cd7c80a6940d049877f335638f2b95) Importer(815301076,1909f56bfc062723c751e8b465ee728b)
Start importing Assets/Scenes/Levels/AttackSceneAssets/Prefabs/Other Prefabs/TargetButton.prefab using Guid(c3cd7c80a6940d049877f335638f2b95) Importer(815301076,1909f56bfc062723c751e8b465ee728b)  -> (artifact id: '1b5a69a8b74c473776aeaad06e13d1e1') in 0.017291 seconds 
  Import took 0.021624 seconds .

========================================================================
Received Import Request.
  Time since last request: 2.190053 seconds.
  path: Assets/Scenes/Levels/AttackSceneAssets/Prefabs/Other Prefabs/TargetButton.prefab
  artifactKey: Guid(c3cd7c80a6940d049877f335638f2b95) Importer(815301076,1909f56bfc062723c751e8b465ee728b)
Start importing Assets/Scenes/Levels/AttackSceneAssets/Prefabs/Other Prefabs/TargetButton.prefab using Guid(c3cd7c80a6940d049877f335638f2b95) Importer(815301076,1909f56bfc062723c751e8b465ee728b)  -> (artifact id: '1bc614fda9685390405bdd4067094c3e') in 0.018267 seconds 
  Import took 0.022848 seconds .

========================================================================
Received Import Request.
  Time since last request: 0.383887 seconds.
  path: Assets/Scenes/Levels/AttackSceneAssets/Prefabs/Other Prefabs/TargetButton.prefab
  artifactKey: Guid(c3cd7c80a6940d049877f335638f2b95) Importer(815301076,1909f56bfc062723c751e8b465ee728b)
Start importing Assets/Scenes/Levels/AttackSceneAssets/Prefabs/Other Prefabs/TargetButton.prefab using Guid(c3cd7c80a6940d049877f335638f2b95) Importer(815301076,1909f56bfc062723c751e8b465ee728b)  -> (artifact id: '91a06d0d454fb7fa0be760d097c07555') in 0.017313 seconds 
  Import took 0.022194 seconds .

========================================================================
Received Import Request.
  Time since last request: 6.436253 seconds.
  path: Assets/Scenes/Levels/AttackSceneAssets/Prefabs/Other Prefabs/TargetButton.prefab
  artifactKey: Guid(c3cd7c80a6940d049877f335638f2b95) Importer(815301076,1909f56bfc062723c751e8b465ee728b)
Start importing Assets/Scenes/Levels/AttackSceneAssets/Prefabs/Other Prefabs/TargetButton.prefab using Guid(c3cd7c80a6940d049877f335638f2b95) Importer(815301076,1909f56bfc062723c751e8b465ee728b)  -> (artifact id: 'e0181828a15f0728f4c8546f98670132') in 0.018916 seconds 
  Import took 0.023359 seconds .

========================================================================
Received Import Request.
  Time since last request: 1.390696 seconds.
  path: Assets/Scenes/Levels/AttackSceneAssets/Prefabs/Other Prefabs/TargetButton.prefab
  artifactKey: Guid(c3cd7c80a6940d049877f335638f2b95) Importer(815301076,1909f56bfc062723c751e8b465ee728b)
Start importing Assets/Scenes/Levels/AttackSceneAssets/Prefabs/Other Prefabs/TargetButton.prefab using Guid(c3cd7c80a6940d049877f335638f2b95) Importer(815301076,1909f56bfc062723c751e8b465ee728b)  -> (artifact id: '09158440a21f34950b9d3eed34f7f119') in 0.015342 seconds 
  Import took 0.020018 seconds .

========================================================================
Received Import Request.
  Time since last request: 0.582447 seconds.
  path: Assets/Scenes/Levels/AttackSceneAssets/Prefabs/Other Prefabs/TargetButton.prefab
  artifactKey: Guid(c3cd7c80a6940d049877f335638f2b95) Importer(815301076,1909f56bfc062723c751e8b465ee728b)
Start importing Assets/Scenes/Levels/AttackSceneAssets/Prefabs/Other Prefabs/TargetButton.prefab using Guid(c3cd7c80a6940d049877f335638f2b95) Importer(815301076,1909f56bfc062723c751e8b465ee728b)  -> (artifact id: '817dc5fd4b3678472d1f1aa887c7e060') in 0.016180 seconds 
  Import took 0.020902 seconds .

========================================================================
Received Import Request.
  Time since last request: 4.423800 seconds.
  path: Assets/Scenes/Levels/AttackSceneAssets/Prefabs/Other Prefabs/TargetButton.prefab
  artifactKey: Guid(c3cd7c80a6940d049877f335638f2b95) Importer(815301076,1909f56bfc062723c751e8b465ee728b)
Start importing Assets/Scenes/Levels/AttackSceneAssets/Prefabs/Other Prefabs/TargetButton.prefab using Guid(c3cd7c80a6940d049877f335638f2b95) Importer(815301076,1909f56bfc062723c751e8b465ee728b)  -> (artifact id: '9a4ff91ba3a5532c7f43e5d4916666ab') in 0.016113 seconds 
  Import took 0.021008 seconds .

========================================================================
Received Import Request.
  Time since last request: 0.581960 seconds.
  path: Assets/Scenes/Levels/AttackSceneAssets/Prefabs/Other Prefabs/TargetButton.prefab
  artifactKey: Guid(c3cd7c80a6940d049877f335638f2b95) Importer(815301076,1909f56bfc062723c751e8b465ee728b)
Start importing Assets/Scenes/Levels/AttackSceneAssets/Prefabs/Other Prefabs/TargetButton.prefab using Guid(c3cd7c80a6940d049877f335638f2b95) Importer(815301076,1909f56bfc062723c751e8b465ee728b)  -> (artifact id: '76fbc09b6650b9c019a4e5efaab7c92a') in 0.015207 seconds 
  Import took 0.020026 seconds .

========================================================================
Received Import Request.
  Time since last request: 6.024988 seconds.
  path: Assets/Scenes/Levels/AttackSceneAssets/Prefabs/Other Prefabs/TargetButton.prefab
  artifactKey: Guid(c3cd7c80a6940d049877f335638f2b95) Importer(815301076,1909f56bfc062723c751e8b465ee728b)
Start importing Assets/Scenes/Levels/AttackSceneAssets/Prefabs/Other Prefabs/TargetButton.prefab using Guid(c3cd7c80a6940d049877f335638f2b95) Importer(815301076,1909f56bfc062723c751e8b465ee728b)  -> (artifact id: 'aacd9c6f4bba0db9c93652e468dc8fb3') in 0.014922 seconds 
  Import took 0.020134 seconds .

========================================================================
Received Import Request.
  Time since last request: 0.996500 seconds.
  path: Assets/Scenes/Levels/AttackSceneAssets/Prefabs/Other Prefabs/TargetButton.prefab
  artifactKey: Guid(c3cd7c80a6940d049877f335638f2b95) Importer(815301076,1909f56bfc062723c751e8b465ee728b)
Start importing Assets/Scenes/Levels/AttackSceneAssets/Prefabs/Other Prefabs/TargetButton.prefab using Guid(c3cd7c80a6940d049877f335638f2b95) Importer(815301076,1909f56bfc062723c751e8b465ee728b)  -> (artifact id: 'ac64247dcbb3941e829efbf7633b24d4') in 0.017054 seconds 
  Import took 0.021904 seconds .

========================================================================
Received Import Request.
  Time since last request: 3.633287 seconds.
  path: Assets/Scenes/Levels/AttackSceneAssets/Prefabs/Other Prefabs/TargetButton.prefab
  artifactKey: Guid(c3cd7c80a6940d049877f335638f2b95) Importer(815301076,1909f56bfc062723c751e8b465ee728b)
Start importing Assets/Scenes/Levels/AttackSceneAssets/Prefabs/Other Prefabs/TargetButton.prefab using Guid(c3cd7c80a6940d049877f335638f2b95) Importer(815301076,1909f56bfc062723c751e8b465ee728b)  -> (artifact id: '00828e79899115dabfc7373f5b07ff89') in 0.017645 seconds 
  Import took 0.022069 seconds .

========================================================================
Received Import Request.
  Time since last request: 13.004897 seconds.
  path: Assets/Scenes/Levels/AttackSceneAssets/Prefabs/Other Prefabs/TargetButton.prefab
  artifactKey: Guid(c3cd7c80a6940d049877f335638f2b95) Importer(815301076,1909f56bfc062723c751e8b465ee728b)
Start importing Assets/Scenes/Levels/AttackSceneAssets/Prefabs/Other Prefabs/TargetButton.prefab using Guid(c3cd7c80a6940d049877f335638f2b95) Importer(815301076,1909f56bfc062723c751e8b465ee728b)  -> (artifact id: '2493c8e90697fa13e83c6025bf6175e2') in 0.018247 seconds 
  Import took 0.022692 seconds .

========================================================================
Received Import Request.
  Time since last request: 3.612559 seconds.
  path: Assets/Scenes/Levels/AttackSceneAssets/Prefabs/Other Prefabs/TargetButton.prefab
  artifactKey: Guid(c3cd7c80a6940d049877f335638f2b95) Importer(815301076,1909f56bfc062723c751e8b465ee728b)
Start importing Assets/Scenes/Levels/AttackSceneAssets/Prefabs/Other Prefabs/TargetButton.prefab using Guid(c3cd7c80a6940d049877f335638f2b95) Importer(815301076,1909f56bfc062723c751e8b465ee728b)  -> (artifact id: 'ca206bc8603d0f4ceec0a7e8640620a6') in 0.018126 seconds 
  Import took 0.022889 seconds .

========================================================================
Received Import Request.
  Time since last request: 7.381107 seconds.
  path: Assets/Scenes/Levels/AttackSceneAssets/Prefabs/Other Prefabs/TargetButton.prefab
  artifactKey: Guid(c3cd7c80a6940d049877f335638f2b95) Importer(815301076,1909f56bfc062723c751e8b465ee728b)
Start importing Assets/Scenes/Levels/AttackSceneAssets/Prefabs/Other Prefabs/TargetButton.prefab using Guid(c3cd7c80a6940d049877f335638f2b95) Importer(815301076,1909f56bfc062723c751e8b465ee728b)  -> (artifact id: '4a976b7de4dbc12f90c28adf35f03761') in 0.018222 seconds 
  Import took 0.022778 seconds .

========================================================================
Received Import Request.
  Time since last request: 11.267729 seconds.
  path: Assets/Scenes/Levels/AttackSceneAssets/Prefabs/Other Prefabs/TargetButton.prefab
  artifactKey: Guid(c3cd7c80a6940d049877f335638f2b95) Importer(815301076,1909f56bfc062723c751e8b465ee728b)
Start importing Assets/Scenes/Levels/AttackSceneAssets/Prefabs/Other Prefabs/TargetButton.prefab using Guid(c3cd7c80a6940d049877f335638f2b95) Importer(815301076,1909f56bfc062723c751e8b465ee728b)  -> (artifact id: '3d610bb165e5a6d87c6a46b91700d3dc') in 0.014683 seconds 
  Import took 0.019028 seconds .

========================================================================
Received Import Request.
  Time since last request: 18.663345 seconds.
  path: Assets/Scenes/Levels/AttackSceneAssets/Prefabs/Other Prefabs/2xMultiplier.controller
  artifactKey: Guid(c4ff98cfaa96afb41a1b5fa7f204a516) Importer(815301076,1909f56bfc062723c751e8b465ee728b)
Start importing Assets/Scenes/Levels/AttackSceneAssets/Prefabs/Other Prefabs/2xMultiplier.controller using Guid(c4ff98cfaa96afb41a1b5fa7f204a516) Importer(815301076,1909f56bfc062723c751e8b465ee728b)  -> (artifact id: '1c94aed377abd98d9c1081c2f98586e2') in 0.007548 seconds 
  Import took 0.012300 seconds .

========================================================================
Received Import Request.
  Time since last request: 7.346663 seconds.
  path: Assets/Scenes/Levels/AttackSceneAssets/Prefabs/Other Prefabs/TargetButton.prefab
  artifactKey: Guid(c3cd7c80a6940d049877f335638f2b95) Importer(815301076,1909f56bfc062723c751e8b465ee728b)
Start importing Assets/Scenes/Levels/AttackSceneAssets/Prefabs/Other Prefabs/TargetButton.prefab using Guid(c3cd7c80a6940d049877f335638f2b95) Importer(815301076,1909f56bfc062723c751e8b465ee728b) The Animator Controller (2xMultiplier) you have used is not valid. Animations will not play
UnityEngine.StackTraceUtility:ExtractStackTrace ()
UnityEditor.EditorUtility:Internal_InstantiateRemoveAllNonAnimationComponentsSingle (UnityEngine.Object,UnityEngine.Vector3,UnityEngine.Quaternion)
UnityEditor.EditorUtility:InstantiateRemoveAllNonAnimationComponents (UnityEngine.Object,UnityEngine.Vector3,UnityEngine.Quaternion)
UnityEditor.EditorUtility:InstantiateForAnimatorPreview (UnityEngine.Object)
UnityEditor.GameObjectInspector/PreviewData:UpdateGameObject (UnityEngine.Object)
UnityEditor.GameObjectInspector/PreviewData:.ctor (UnityEngine.Object)
UnityEditor.GameObjectInspector:GetPreviewData ()
UnityEditor.GameObjectInspector:RenderStaticPreview (string,UnityEngine.Object[],int,int)
UnityEditor.AssetPreviewUpdater:CreatePreviewForAsset (UnityEngine.Object,UnityEngine.Object[],string)

[C:\buildslave\unity\build\Modules/Animation/Director/AnimatorControllerPlayable.cpp line 333]

The Animator Controller (2xMultiplier) you have used is not valid. Animations will not play
UnityEngine.StackTraceUtility:ExtractStackTrace ()
UnityEditor.EditorUtility:InitInstantiatedPreviewRecursive (UnityEngine.GameObject)
UnityEditor.EditorUtility:InstantiateForAnimatorPreview (UnityEngine.Object)
UnityEditor.GameObjectInspector/PreviewData:UpdateGameObject (UnityEngine.Object)
UnityEditor.GameObjectInspector/PreviewData:.ctor (UnityEngine.Object)
UnityEditor.GameObjectInspector:GetPreviewData ()
UnityEditor.GameObjectInspector:RenderStaticPreview (string,UnityEngine.Object[],int,int)
UnityEditor.AssetPreviewUpdater:CreatePreviewForAsset (UnityEngine.Object,UnityEngine.Object[],string)

[C:\buildslave\unity\build\Modules/Animation/Director/AnimatorControllerPlayable.cpp line 333]

 -> (artifact id: '6c852e824d447fe8d4e395da624ecb36') in 0.016255 seconds 
  Import took 0.020531 seconds .

========================================================================
Received Import Request.
  Time since last request: 9.973871 seconds.
  path: Assets/Scenes/Levels/AttackSceneAssets/Prefabs/Other Prefabs/TargetButton.prefab
  artifactKey: Guid(c3cd7c80a6940d049877f335638f2b95) Importer(815301076,1909f56bfc062723c751e8b465ee728b)
Start importing Assets/Scenes/Levels/AttackSceneAssets/Prefabs/Other Prefabs/TargetButton.prefab using Guid(c3cd7c80a6940d049877f335638f2b95) Importer(815301076,1909f56bfc062723c751e8b465ee728b) The Animator Controller (2xMultiplier) you have used is not valid. Animations will not play
UnityEngine.StackTraceUtility:ExtractStackTrace ()
UnityEditor.EditorUtility:Internal_InstantiateRemoveAllNonAnimationComponentsSingle (UnityEngine.Object,UnityEngine.Vector3,UnityEngine.Quaternion)
UnityEditor.EditorUtility:InstantiateRemoveAllNonAnimationComponents (UnityEngine.Object,UnityEngine.Vector3,UnityEngine.Quaternion)
UnityEditor.EditorUtility:InstantiateForAnimatorPreview (UnityEngine.Object)
UnityEditor.GameObjectInspector/PreviewData:UpdateGameObject (UnityEngine.Object)
UnityEditor.GameObjectInspector/PreviewData:.ctor (UnityEngine.Object)
UnityEditor.GameObjectInspector:GetPreviewData ()
UnityEditor.GameObjectInspector:RenderStaticPreview (string,UnityEngine.Object[],int,int)
UnityEditor.AssetPreviewUpdater:CreatePreviewForAsset (UnityEngine.Object,UnityEngine.Object[],string)

[C:\buildslave\unity\build\Modules/Animation/Director/AnimatorControllerPlayable.cpp line 333]

The Animator Controller (2xMultiplier) you have used is not valid. Animations will not play
UnityEngine.StackTraceUtility:ExtractStackTrace ()
UnityEditor.EditorUtility:InitInstantiatedPreviewRecursive (UnityEngine.GameObject)
UnityEditor.EditorUtility:InstantiateForAnimatorPreview (UnityEngine.Object)
UnityEditor.GameObjectInspector/PreviewData:UpdateGameObject (UnityEngine.Object)
UnityEditor.GameObjectInspector/PreviewData:.ctor (UnityEngine.Object)
UnityEditor.GameObjectInspector:GetPreviewData ()
UnityEditor.GameObjectInspector:RenderStaticPreview (string,UnityEngine.Object[],int,int)
UnityEditor.AssetPreviewUpdater:CreatePreviewForAsset (UnityEngine.Object,UnityEngine.Object[],string)

[C:\buildslave\unity\build\Modules/Animation/Director/AnimatorControllerPlayable.cpp line 333]

 -> (artifact id: 'b25da78028aac45b69f3407aba4dbe1a') in 0.018556 seconds 
  Import took 0.023343 seconds .

========================================================================
Received Import Request.
  Time since last request: 0.579308 seconds.
  path: Assets/Scenes/Levels/AttackSceneAssets/Prefabs/Other Prefabs/TargetButton.prefab
  artifactKey: Guid(c3cd7c80a6940d049877f335638f2b95) Importer(815301076,1909f56bfc062723c751e8b465ee728b)
Start importing Assets/Scenes/Levels/AttackSceneAssets/Prefabs/Other Prefabs/TargetButton.prefab using Guid(c3cd7c80a6940d049877f335638f2b95) Importer(815301076,1909f56bfc062723c751e8b465ee728b) The Animator Controller (2xMultiplier) you have used is not valid. Animations will not play
UnityEngine.StackTraceUtility:ExtractStackTrace ()
UnityEditor.EditorUtility:Internal_InstantiateRemoveAllNonAnimationComponentsSingle (UnityEngine.Object,UnityEngine.Vector3,UnityEngine.Quaternion)
UnityEditor.EditorUtility:InstantiateRemoveAllNonAnimationComponents (UnityEngine.Object,UnityEngine.Vector3,UnityEngine.Quaternion)
UnityEditor.EditorUtility:InstantiateForAnimatorPreview (UnityEngine.Object)
UnityEditor.GameObjectInspector/PreviewData:UpdateGameObject (UnityEngine.Object)
UnityEditor.GameObjectInspector/PreviewData:.ctor (UnityEngine.Object)
UnityEditor.GameObjectInspector:GetPreviewData ()
UnityEditor.GameObjectInspector:RenderStaticPreview (string,UnityEngine.Object[],int,int)
UnityEditor.AssetPreviewUpdater:CreatePreviewForAsset (UnityEngine.Object,UnityEngine.Object[],string)

[C:\buildslave\unity\build\Modules/Animation/Director/AnimatorControllerPlayable.cpp line 333]

The Animator Controller (2xMultiplier) you have used is not valid. Animations will not play
UnityEngine.StackTraceUtility:ExtractStackTrace ()
UnityEditor.EditorUtility:InitInstantiatedPreviewRecursive (UnityEngine.GameObject)
UnityEditor.EditorUtility:InstantiateForAnimatorPreview (UnityEngine.Object)
UnityEditor.GameObjectInspector/PreviewData:UpdateGameObject (UnityEngine.Object)
UnityEditor.GameObjectInspector/PreviewData:.ctor (UnityEngine.Object)
UnityEditor.GameObjectInspector:GetPreviewData ()
UnityEditor.GameObjectInspector:RenderStaticPreview (string,UnityEngine.Object[],int,int)
UnityEditor.AssetPreviewUpdater:CreatePreviewForAsset (UnityEngine.Object,UnityEngine.Object[],string)

[C:\buildslave\unity\build\Modules/Animation/Director/AnimatorControllerPlayable.cpp line 333]

 -> (artifact id: '68d947301791f18d5b75e7e15e0d7809') in 0.018542 seconds 
  Import took 0.023069 seconds .

========================================================================
Received Prepare
Registering precompiled user dll's ...
Registered in 0.003151 seconds.
Begin MonoManager ReloadAssembly
Native extension for WindowsStandalone target not found
Refreshing native plugins compatible for Editor in 0.67 ms, found 6 plugins.
Preloading 0 native plugins for Editor in 0.00 ms.
Mono: successfully reloaded assembly
- Completed reload, in  0.883 seconds
Domain Reload Profiling:
	ReloadAssembly (883ms)
		BeginReloadAssembly (99ms)
			ExecutionOrderSort (0ms)
			DisableScriptedObjects (6ms)
			BackupInstance (0ms)
			ReleaseScriptingObjects (0ms)
			CreateAndSetChildDomain (34ms)
		EndReloadAssembly (739ms)
			LoadAssemblies (67ms)
			RebuildTransferFunctionScriptingTraits (0ms)
			SetupTypeCache (244ms)
			ReleaseScriptCaches (1ms)
			RebuildScriptCaches (34ms)
			SetupLoadedEditorAssemblies (281ms)
				LogAssemblyErrors (0ms)
				InitializePlatformSupportModulesInManaged (3ms)
				SetLoadedEditorAssemblies (0ms)
				RefreshPlugins (1ms)
				BeforeProcessingInitializeOnLoad (66ms)
				ProcessInitializeOnLoadAttributes (205ms)
				ProcessInitializeOnLoadMethodAttributes (3ms)
				AfterProcessingInitializeOnLoad (2ms)
				EditorAssembliesLoaded (0ms)
			ExecutionOrderSort2 (0ms)
			AwakeInstancesAfterBackupRestoration (11ms)
Platform modules already initialized, skipping
Switching build target platform(19) subTarget(0) extendedPlatform(0) -> platform(13) subTarget(537395200) extendedPlatform(0)
Refreshing native plugins compatible for Editor in 0.69 ms, found 6 plugins.
Preloading 0 native plugins for Editor in 0.00 ms.
Unloading 3047 Unused Serialized files (Serialized files now loaded: 0)
System memory in use before: 137.2 MB.
System memory in use after: 137.4 MB.

Unloading 26 unused Assets to reduce memory usage. Loaded Objects now: 3673.
Total: 3.431500 ms (FindLiveObjects: 0.292500 ms CreateObjectMapping: 0.099200 ms MarkObjects: 2.982900 ms  DeleteObjects: 0.056200 ms)

AssetImportParameters requested are different than current active one (requested -> active):
  custom:framework-win-MediaFoundation: 216162199b28c13a410421893ffa2e32 -> 
  custom:video-decoder-ogg-theora: a1e56fd34408186e4bbccfd4996cb3dc -> 
  custom:container-muxer-webm: aa71ff27fc2769a1b78a27578f13a17b -> 
  custom:container-demuxer-webm: 4f35f7cbe854078d1ac9338744f61a02 -> 
  custom:container-demuxer-ogg: 62fdf1f143b41e24485cea50d1cbac27 -> 
  custom:video-encoder-webm-vp8: eb34c28f22e8b96e1ab97ce403110664 -> 
  custom:video-decoder-webm-vp8: 9c59270c3fd7afecdb556c50c9e8de78 -> 
  custom:graphics/normal-map-encoding: 01000000000000000000000000000000 -> 02000000000000000000000000000000
  custom:audio-decoder-ogg-vorbis: bf7c407c2cedff20999df2af8eb42d56 -> 
  custom:audio-encoder-webm-vorbis: bf7c407c2cedff20999df2af8eb42d56 -> 
========================================================================
Received Import Request.
  Time since last request: 283.878133 seconds.
  path: Assets/Scenes/Levels/AttackSceneAssets/Prefabs/Other Prefabs/TargetButton.prefab
  artifactKey: Guid(c3cd7c80a6940d049877f335638f2b95) Importer(815301076,1909f56bfc062723c751e8b465ee728b)
Start importing Assets/Scenes/Levels/AttackSceneAssets/Prefabs/Other Prefabs/TargetButton.prefab using Guid(c3cd7c80a6940d049877f335638f2b95) Importer(815301076,1909f56bfc062723c751e8b465ee728b)  -> (artifact id: '1f395e90abc2530f50fc15be9fa1c859') in 0.141685 seconds 
  Import took 0.146318 seconds .

========================================================================
Received Prepare
Registering precompiled user dll's ...
Registered in 0.002795 seconds.
Begin MonoManager ReloadAssembly
Native extension for WindowsStandalone target not found
Refreshing native plugins compatible for Editor in 0.73 ms, found 6 plugins.
Preloading 0 native plugins for Editor in 0.00 ms.
Mono: successfully reloaded assembly
- Completed reload, in  0.881 seconds
Domain Reload Profiling:
	ReloadAssembly (882ms)
		BeginReloadAssembly (98ms)
			ExecutionOrderSort (0ms)
			DisableScriptedObjects (5ms)
			BackupInstance (0ms)
			ReleaseScriptingObjects (0ms)
			CreateAndSetChildDomain (32ms)
		EndReloadAssembly (739ms)
			LoadAssemblies (71ms)
			RebuildTransferFunctionScriptingTraits (0ms)
			SetupTypeCache (244ms)
			ReleaseScriptCaches (1ms)
			RebuildScriptCaches (33ms)
			SetupLoadedEditorAssemblies (275ms)
				LogAssemblyErrors (0ms)
				InitializePlatformSupportModulesInManaged (3ms)
				SetLoadedEditorAssemblies (0ms)
				RefreshPlugins (1ms)
				BeforeProcessingInitializeOnLoad (67ms)
				ProcessInitializeOnLoadAttributes (199ms)
				ProcessInitializeOnLoadMethodAttributes (3ms)
				AfterProcessingInitializeOnLoad (2ms)
				EditorAssembliesLoaded (0ms)
			ExecutionOrderSort2 (0ms)
			AwakeInstancesAfterBackupRestoration (13ms)
Platform modules already initialized, skipping
Switching build target platform(19) subTarget(0) extendedPlatform(0) -> platform(13) subTarget(537395200) extendedPlatform(0)
Refreshing native plugins compatible for Editor in 0.67 ms, found 6 plugins.
Preloading 0 native plugins for Editor in 0.00 ms.
Unloading 3047 Unused Serialized files (Serialized files now loaded: 0)
System memory in use before: 137.3 MB.
System memory in use after: 137.6 MB.

Unloading 26 unused Assets to reduce memory usage. Loaded Objects now: 3711.
Total: 2.821100 ms (FindLiveObjects: 0.265500 ms CreateObjectMapping: 0.128200 ms MarkObjects: 2.410600 ms  DeleteObjects: 0.016000 ms)

AssetImportParameters requested are different than current active one (requested -> active):
  custom:framework-win-MediaFoundation: 216162199b28c13a410421893ffa2e32 -> 
  custom:video-decoder-ogg-theora: a1e56fd34408186e4bbccfd4996cb3dc -> 
  custom:container-muxer-webm: aa71ff27fc2769a1b78a27578f13a17b -> 
  custom:container-demuxer-webm: 4f35f7cbe854078d1ac9338744f61a02 -> 
  custom:container-demuxer-ogg: 62fdf1f143b41e24485cea50d1cbac27 -> 
  custom:video-encoder-webm-vp8: eb34c28f22e8b96e1ab97ce403110664 -> 
  custom:video-decoder-webm-vp8: 9c59270c3fd7afecdb556c50c9e8de78 -> 
  custom:graphics/normal-map-encoding: 01000000000000000000000000000000 -> 02000000000000000000000000000000
  custom:audio-decoder-ogg-vorbis: bf7c407c2cedff20999df2af8eb42d56 -> 
  custom:audio-encoder-webm-vorbis: bf7c407c2cedff20999df2af8eb42d56 -> 
AssetImportWorkerClient::OnTransportError - code=2 error=End of file
